{
  "0 debug pnpm:scope": {
    "selected": 1
  },
  "1 error pnpm": {
    "message": {
      "errno": 1,
      "code": "ELIFECYCLE",
      "pkgid": "tranee-test@1.0.0",
      "stage": "gulp",
      "script": "gulp",
      "pkgname": "tranee-test"
    },
    "err": {
      "name": "Error",
      "message": "tranee-test@1.0.0 gulp: `gulp`\nExit status 1",
      "code": "ELIFECYCLE",
      "stack": "Error: tranee-test@1.0.0 gulp: `gulp`\nExit status 1\n    at EventEmitter.<anonymous> (/usr/local/pnpm-global/3/node_modules/.pnpm/registry.npmjs.org/pnpm/4.9.3/node_modules/pnpm/lib/node_modules/@zkochan/npm-lifecycle/index.js:302:16)\n    at EventEmitter.emit (events.js:321:20)\n    at ChildProcess.<anonymous> (/usr/local/pnpm-global/3/node_modules/.pnpm/registry.npmjs.org/pnpm/4.9.3/node_modules/pnpm/lib/node_modules/@zkochan/npm-lifecycle/lib/spawn.js:55:14)\n    at ChildProcess.emit (events.js:321:20)\n    at maybeClose (internal/child_process.js:1026:16)\n    at Process.ChildProcess._handle.onexit (internal/child_process.js:286:5)"
    }
  }
}